This file contains any messages produced by compilers while
running configure, to aid debugging if configure makes a mistake.

It was created by OpenJDK configure jdk8, which was
generated by GNU Autoconf 2.69.  Invocation command line was

  $ /src/openj9-openjdk-jdk8/configure --enable-option-checking=fatal --with-custom-make-dir=/src/openj9-openjdk-jdk8/closed/make --with-add-source-root=/src/openj9-openjdk-jdk8/closed/adds --with-update-version=292 --with-boot-jdk=/home/jenkins/bootjdks/jdk8

## --------- ##
## Platform. ##
## --------- ##

hostname = eca4f788960a
uname -m = x86_64
uname -r = 6.5.0-28-generic
uname -s = Linux
uname -v = #29~22.04.1-Ubuntu SMP PREEMPT_DYNAMIC Thu Apr  4 14:39:20 UTC 2

/usr/bin/uname -p = x86_64
/bin/uname -X     = unknown

/bin/arch              = x86_64
/usr/bin/arch -k       = unknown
/usr/convex/getsysinfo = unknown
/usr/bin/hostinfo      = unknown
/bin/machine           = unknown
/usr/bin/oslevel       = unknown
/bin/universe          = unknown

PATH: /usr/local/sbin
PATH: /usr/local/bin
PATH: /usr/sbin
PATH: /usr/bin
PATH: /sbin
PATH: /bin


## ----------- ##
## Core tests. ##
## ----------- ##

configure:4593: Configuration created at Tue Apr 30 09:02:59 EDT 2024.
configure:4595: configure script generated at timestamp 1615843596.
configure:4618: checking for basename
configure:4636: found /usr/bin/basename
configure:4648: result: /usr/bin/basename
configure:4869: checking for bash
configure:4899: result: /usr/bin/bash
configure:5004: checking for cat
configure:5022: found /usr/bin/cat
configure:5034: result: /usr/bin/cat
configure:5197: checking for chmod
configure:5215: found /usr/bin/chmod
configure:5227: result: /usr/bin/chmod
configure:5390: checking for cmp
configure:5408: found /usr/bin/cmp
configure:5420: result: /usr/bin/cmp
configure:5583: checking for comm
configure:5601: found /usr/bin/comm
configure:5613: result: /usr/bin/comm
configure:5776: checking for cp
configure:5794: found /usr/bin/cp
configure:5806: result: /usr/bin/cp
configure:5969: checking for cut
configure:5987: found /usr/bin/cut
configure:5999: result: /usr/bin/cut
configure:6162: checking for date
configure:6180: found /usr/bin/date
configure:6192: result: /usr/bin/date
configure:6355: checking for gdiff
configure:6388: result: no
configure:6355: checking for diff
configure:6373: found /usr/bin/diff
configure:6385: result: /usr/bin/diff
configure:6548: checking for dirname
configure:6566: found /usr/bin/dirname
configure:6578: result: /usr/bin/dirname
configure:6741: checking for echo
configure:6759: found /usr/bin/echo
configure:6771: result: /usr/bin/echo
configure:6934: checking for expr
configure:6952: found /usr/bin/expr
configure:6964: result: /usr/bin/expr
configure:7127: checking for file
configure:7145: found /usr/bin/file
configure:7157: result: /usr/bin/file
configure:7320: checking for find
configure:7338: found /usr/bin/find
configure:7350: result: /usr/bin/find
configure:7513: checking for head
configure:7531: found /usr/bin/head
configure:7543: result: /usr/bin/head
configure:7706: checking for ln
configure:7724: found /usr/bin/ln
configure:7736: result: /usr/bin/ln
configure:7899: checking for ls
configure:7917: found /usr/bin/ls
configure:7929: result: /usr/bin/ls
configure:8092: checking for mkdir
configure:8110: found /usr/bin/mkdir
configure:8122: result: /usr/bin/mkdir
configure:8285: checking for mktemp
configure:8303: found /usr/bin/mktemp
configure:8315: result: /usr/bin/mktemp
configure:8478: checking for mv
configure:8496: found /usr/bin/mv
configure:8508: result: /usr/bin/mv
configure:8671: checking for nawk
configure:8689: found /usr/bin/nawk
configure:8701: result: /usr/bin/nawk
configure:8864: checking for printf
configure:8882: found /usr/bin/printf
configure:8894: result: /usr/bin/printf
configure:9057: checking for rm
configure:9075: found /usr/bin/rm
configure:9087: result: /usr/bin/rm
configure:9250: checking for sh
configure:9268: found /usr/bin/sh
configure:9280: result: /usr/bin/sh
configure:9443: checking for sort
configure:9461: found /usr/bin/sort
configure:9473: result: /usr/bin/sort
configure:9636: checking for tail
configure:9654: found /usr/bin/tail
configure:9666: result: /usr/bin/tail
configure:9829: checking for tar
configure:9847: found /usr/bin/tar
configure:9859: result: /usr/bin/tar
configure:10022: checking for tee
configure:10040: found /usr/bin/tee
configure:10052: result: /usr/bin/tee
configure:10215: checking for touch
configure:10233: found /usr/bin/touch
configure:10245: result: /usr/bin/touch
configure:10408: checking for tr
configure:10426: found /usr/bin/tr
configure:10438: result: /usr/bin/tr
configure:10601: checking for uname
configure:10619: found /usr/bin/uname
configure:10631: result: /usr/bin/uname
configure:10794: checking for uniq
configure:10812: found /usr/bin/uniq
configure:10824: result: /usr/bin/uniq
configure:10987: checking for wc
configure:11005: found /usr/bin/wc
configure:11017: result: /usr/bin/wc
configure:11180: checking for which
configure:11198: found /usr/bin/which
configure:11210: result: /usr/bin/which
configure:11373: checking for xargs
configure:11391: found /usr/bin/xargs
configure:11403: result: /usr/bin/xargs
configure:11567: checking for gawk
configure:11597: result: no
configure:11567: checking for mawk
configure:11583: found /usr/bin/mawk
configure:11594: result: mawk
configure:11748: checking for grep that handles long lines and -e
configure:11806: result: /usr/bin/grep
configure:11975: checking for egrep
configure:12037: result: /usr/bin/grep -E
configure:12210: checking for fgrep
configure:12272: result: /usr/bin/grep -F
configure:12445: checking for a sed that does not truncate output
configure:12509: result: /usr/bin/sed
configure:12697: checking for cygpath
configure:12730: result: no
configure:12883: checking for greadlink
configure:12916: result: no
configure:12883: checking for readlink
configure:12901: found /usr/bin/readlink
configure:12913: result: /usr/bin/readlink
configure:13069: checking for df
configure:13087: found /usr/bin/df
configure:13099: result: /usr/bin/df
configure:13255: checking for SetFile
configure:13288: result: no
configure:13441: checking for cpio
configure:13459: found /usr/bin/cpio
configure:13471: result: /usr/bin/cpio
configure:13624: checking build system type
configure:13638: result: x86_64-unknown-linux-gnu
configure:13658: checking host system type
configure:13671: result: x86_64-unknown-linux-gnu
configure:13691: checking target system type
configure:13704: result: x86_64-unknown-linux-gnu
configure:13883: checking openjdk-build os-cpu
configure:13885: result: linux-x86_64
configure:14021: checking openjdk-target os-cpu
configure:14023: result: linux-x86_64
configure:14073: checking compilation type
configure:14075: result: native
configure:14330: checking for top-level directory
configure:14332: result: /src/openj9-openjdk-jdk8
configure:14607: checking for presence of closed sources
configure:14614: result: no
configure:14617: checking if closed source is suppressed (openjdk-only)
configure:14620: result: no
configure:14657: checking which variant of the JDK to build
configure:14674: result: normal
configure:14684: checking which interpreter of the JVM to build
configure:14705: result: template
configure:14722: checking which variants of the JVM to build
configure:14741: result: server
configure:14813: checking which debug level to use
configure:14837: result: release
configure:14945: checking where to store configuration
configure:14953: result: in default location
configure:15011: checking what configuration name to use
configure:15013: result: linux-x86_64-normal-server-release
configure:15350: checking for cmake
configure:15368: found /usr/bin/cmake
configure:15380: result: /usr/bin/cmake
configure:16065: checking for cuda
configure:16081: result: no (default)
configure:16093: checking for ddr
configure:16111: result: yes (default for xa64)
configure:16289: checking for jitserver
configure:16306: result: no (default)
configure:16315: checking for openjdk-methodhandles
configure:16332: result: no (default)
configure:17697: checking for nasm
configure:17715: found /usr/bin/nasm
configure:17727: result: /usr/bin/nasm
configure:17878: checking whether nasm version requirement is met
configure:17894: result: yes
configure:18259: checking for sysroot
configure:18261: result: 
configure:18263: checking for toolchain path
configure:18265: result: 
configure:18267: checking for extra path
configure:18269: result: 
configure:18283: checking for apt-get
configure:18299: found /usr/bin/apt-get
configure:18310: result: apt-get
configure:18664: checking for gmake
configure:18697: result: no
configure:19034: checking for make
configure:19052: found /usr/bin/make
configure:19064: result: /usr/bin/make
configure:19079: Testing potential make at /usr/bin/make, found using make in PATH
configure:20154: Using GNU make 3.81 (or later) at /usr/bin/make (version: GNU Make 4.2.1)
configure:20160: checking if find supports -delete
configure:20176: result: yes
configure:20197: checking for unzip
configure:20215: found /usr/bin/unzip
configure:20227: result: /usr/bin/unzip
configure:20390: checking for zip
configure:20408: found /usr/bin/zip
configure:20420: result: /usr/bin/zip
configure:20585: checking for ldd
configure:20603: found /usr/bin/ldd
configure:20615: result: /usr/bin/ldd
configure:20777: checking for readelf
configure:20795: found /usr/bin/readelf
configure:20807: result: /usr/bin/readelf
configure:20963: checking for hg
configure:20996: result: no
configure:21149: checking for stat
configure:21167: found /usr/bin/stat
configure:21179: result: /usr/bin/stat
configure:21335: checking for time
configure:21368: result: no
configure:22371: checking for pkg-config
configure:22389: found /usr/bin/pkg-config
configure:22401: result: /usr/bin/pkg-config
configure:22426: checking pkg-config is at least version 0.9.0
configure:22429: result: yes
configure:22544: checking for 7z
configure:22574: result: no
configure:22544: checking for unzip
configure:22560: found /usr/bin/unzip
configure:22571: result: unzip
configure:22590: checking for wget
configure:22606: found /usr/bin/wget
configure:22617: result: wget
configure:22644: checking headful support
configure:22668: result: include support for both headful and headless
configure:22741: checking whether to build JFR
configure:22771: result: false
configure:22991: Found potential Boot JDK using configure arguments
configure:23154: checking for Boot JDK
configure:23156: result: /home/jenkins/bootjdks/jdk8
configure:23158: checking Boot JDK version
configure:23161: result: openjdk version "1.8.0_392" IBM Semeru Runtime Open Edition (build 1.8.0_392-b08) Eclipse OpenJ9 VM (build openj9-0.41.0, JRE 1.8.0 Linux amd64-64-Bit Compressed References 20231122_810 (JIT enabled, AOT enabled) OpenJ9   - 461bf3c70 OMR      - 5eee6ad9d JCL      - b73cbdd342 based on jdk8u392-b08) 
configure:27624: checking for java in Boot JDK
configure:27634: result: ok
configure:27638: checking for javac in Boot JDK
configure:27648: result: ok
configure:27652: checking for javah in Boot JDK
configure:27662: result: ok
configure:27666: checking for javap in Boot JDK
configure:27676: result: ok
configure:27680: checking for jar in Boot JDK
configure:27690: result: ok
configure:27694: checking for rmic in Boot JDK
configure:27704: result: ok
configure:27708: checking for native2ascii in Boot JDK
configure:27718: result: ok
configure:27735: checking if Boot JDK is 32 or 64 bits
configure:27737: result: 64
configure:27753: checking flags for boot jdk java command 
Check if jvm arg is ok: -XX:-PrintVMOptions -XX:-UnlockDiagnosticVMOptions -XX:-LogVMOutput
Command: /home/jenkins/bootjdks/jdk8/bin/java -XX:-PrintVMOptions -XX:-UnlockDiagnosticVMOptions -XX:-LogVMOutput -version
Check if jvm arg is ok: 
Command: /home/jenkins/bootjdks/jdk8/bin/java  -version
configure:27790: result:  -XX:-PrintVMOptions -XX:-UnlockDiagnosticVMOptions -XX:-LogVMOutput 
configure:27798: checking flags for boot jdk java command for big workloads
Check if jvm arg is ok: -Xms64M
Command: /home/jenkins/bootjdks/jdk8/bin/java -Xms64M -version
Check if jvm arg is ok: -Xmx1600M
Command: /home/jenkins/bootjdks/jdk8/bin/java -Xmx1600M -version
Check if jvm arg is ok: -XX:ThreadStackSize=1536
Command: /home/jenkins/bootjdks/jdk8/bin/java -XX:ThreadStackSize=1536 -version
Check if jvm arg is ok: -XX:PermSize=32m
Command: /home/jenkins/bootjdks/jdk8/bin/java -XX:PermSize=32m -version
Check if jvm arg is ok: -XX:MaxPermSize=160m
Command: /home/jenkins/bootjdks/jdk8/bin/java -XX:MaxPermSize=160m -version
configure:27892: result:  -Xms64M -Xmx1600M -XX:ThreadStackSize=1536 -XX:PermSize=32m -XX:MaxPermSize=160m
configure:27899: checking flags for boot jdk java command for small workloads
Check if jvm arg is ok: -XX:+UseSerialGC
Command: /home/jenkins/bootjdks/jdk8/bin/java -XX:+UseSerialGC -version
Check if jvm arg is ok: -Xms32M
Command: /home/jenkins/bootjdks/jdk8/bin/java -Xms32M -version
Check if jvm arg is ok: -Xmx512M
Command: /home/jenkins/bootjdks/jdk8/bin/java -Xmx512M -version
configure:27949: result:  -XX:+UseSerialGC -Xms32M -Xmx512M
configure:28374: Using default toolchain gcc (GNU Compiler Collection)
configure:29965: checking for gcc
configure:29983: found /usr/bin/gcc
configure:29995: result: /usr/bin/gcc
configure:30329: checking resolved symbolic links for CC
configure:30384: result: /usr/bin/x86_64-linux-gnu-gcc-9
configure:30386: checking if CC is disguised ccache
configure:30839: result: no, keeping CC
configure:30962: Using gcc C compiler version 9.4.0 [gcc (Ubuntu 9.4.0-1ubuntu1~20.04.2) 9.4.0]
configure:31079: checking for C compiler version
configure:31088: /usr/bin/gcc --version >&5
gcc (Ubuntu 9.4.0-1ubuntu1~20.04.2) 9.4.0
Copyright (C) 2019 Free Software Foundation, Inc.
This is free software; see the source for copying conditions.  There is NO
warranty; not even for MERCHANTABILITY or FITNESS FOR A PARTICULAR PURPOSE.

configure:31099: $? = 0
configure:31088: /usr/bin/gcc -v >&5
Using built-in specs.
COLLECT_GCC=/usr/bin/gcc
COLLECT_LTO_WRAPPER=/usr/lib/gcc/x86_64-linux-gnu/9/lto-wrapper
OFFLOAD_TARGET_NAMES=nvptx-none:hsa
OFFLOAD_TARGET_DEFAULT=1
Target: x86_64-linux-gnu
Configured with: ../src/configure -v --with-pkgversion='Ubuntu 9.4.0-1ubuntu1~20.04.2' --with-bugurl=file:///usr/share/doc/gcc-9/README.Bugs --enable-languages=c,ada,c++,go,brig,d,fortran,objc,obj-c++,gm2 --prefix=/usr --with-gcc-major-version-only --program-suffix=-9 --program-prefix=x86_64-linux-gnu- --enable-shared --enable-linker-build-id --libexecdir=/usr/lib --without-included-gettext --enable-threads=posix --libdir=/usr/lib --enable-nls --enable-clocale=gnu --enable-libstdcxx-debug --enable-libstdcxx-time=yes --with-default-libstdcxx-abi=new --enable-gnu-unique-object --disable-vtable-verify --enable-plugin --enable-default-pie --with-system-zlib --with-target-system-zlib=auto --enable-objc-gc=auto --enable-multiarch --disable-werror --with-arch-32=i686 --with-abi=m64 --with-multilib-list=m32,m64,mx32 --enable-multilib --with-tune=generic --enable-offload-targets=nvptx-none=/build/gcc-9-9QDOt0/gcc-9-9.4.0/debian/tmp-nvptx/usr,hsa --without-cuda-driver --enable-checking=release --build=x86_64-linux-gnu --host=x86_64-linux-gnu --target=x86_64-linux-gnu
Thread model: posix
gcc version 9.4.0 (Ubuntu 9.4.0-1ubuntu1~20.04.2) 
configure:31099: $? = 0
configure:31088: /usr/bin/gcc -V >&5
gcc: error: unrecognized command line option '-V'
gcc: fatal error: no input files
compilation terminated.
configure:31099: $? = 1
configure:31088: /usr/bin/gcc -qversion >&5
gcc: error: unrecognized command line option '-qversion'; did you mean '--version'?
gcc: fatal error: no input files
compilation terminated.
configure:31099: $? = 1
configure:31119: checking whether the C compiler works
configure:31141: /usr/bin/gcc    conftest.c  >&5
configure:31145: $? = 0
configure:31193: result: yes
configure:31196: checking for C compiler default output file name
configure:31198: result: a.out
configure:31204: checking for suffix of executables
configure:31211: /usr/bin/gcc -o conftest    conftest.c  >&5
configure:31215: $? = 0
configure:31237: result: 
configure:31259: checking whether we are cross compiling
configure:31267: /usr/bin/gcc -o conftest    conftest.c  >&5
configure:31271: $? = 0
configure:31278: ./conftest
configure:31282: $? = 0
configure:31270: result: no
configure:31275: checking for suffix of object files
configure:31297: /usr/bin/gcc -c   conftest.c >&5
configure:31301: $? = 0
configure:31322: result: o
configure:31326: checking whether we are using the GNU C compiler
configure:31345: /usr/bin/gcc -c   conftest.c >&5
configure:31345: $? = 0
configure:31354: result: yes
configure:31363: checking whether /usr/bin/gcc accepts -g
configure:31383: /usr/bin/gcc -c -g  conftest.c >&5
configure:31383: $? = 0
configure:31424: result: yes
configure:31441: checking for /usr/bin/gcc option to accept ISO C89
configure:31504: /usr/bin/gcc  -c -g -O2  conftest.c >&5
configure:31504: $? = 0
configure:31517: result: none needed
configure:31679: checking for g++
configure:31697: found /usr/bin/g++
configure:31709: result: /usr/bin/g++
configure:32043: checking resolved symbolic links for CXX
configure:32098: result: /usr/bin/x86_64-linux-gnu-g++-9
configure:32100: checking if CXX is disguised ccache
configure:32553: result: no, keeping CXX
configure:32676: Using gcc C++ compiler version 9.4.0 [g++ (Ubuntu 9.4.0-1ubuntu1~20.04.2) 9.4.0]
configure:32793: checking for C++ compiler version
configure:32802: /usr/bin/g++ --version >&5
g++ (Ubuntu 9.4.0-1ubuntu1~20.04.2) 9.4.0
Copyright (C) 2019 Free Software Foundation, Inc.
This is free software; see the source for copying conditions.  There is NO
warranty; not even for MERCHANTABILITY or FITNESS FOR A PARTICULAR PURPOSE.

configure:32813: $? = 0
configure:32802: /usr/bin/g++ -v >&5
Using built-in specs.
COLLECT_GCC=/usr/bin/g++
COLLECT_LTO_WRAPPER=/usr/lib/gcc/x86_64-linux-gnu/9/lto-wrapper
OFFLOAD_TARGET_NAMES=nvptx-none:hsa
OFFLOAD_TARGET_DEFAULT=1
Target: x86_64-linux-gnu
Configured with: ../src/configure -v --with-pkgversion='Ubuntu 9.4.0-1ubuntu1~20.04.2' --with-bugurl=file:///usr/share/doc/gcc-9/README.Bugs --enable-languages=c,ada,c++,go,brig,d,fortran,objc,obj-c++,gm2 --prefix=/usr --with-gcc-major-version-only --program-suffix=-9 --program-prefix=x86_64-linux-gnu- --enable-shared --enable-linker-build-id --libexecdir=/usr/lib --without-included-gettext --enable-threads=posix --libdir=/usr/lib --enable-nls --enable-clocale=gnu --enable-libstdcxx-debug --enable-libstdcxx-time=yes --with-default-libstdcxx-abi=new --enable-gnu-unique-object --disable-vtable-verify --enable-plugin --enable-default-pie --with-system-zlib --with-target-system-zlib=auto --enable-objc-gc=auto --enable-multiarch --disable-werror --with-arch-32=i686 --with-abi=m64 --with-multilib-list=m32,m64,mx32 --enable-multilib --with-tune=generic --enable-offload-targets=nvptx-none=/build/gcc-9-9QDOt0/gcc-9-9.4.0/debian/tmp-nvptx/usr,hsa --without-cuda-driver --enable-checking=release --build=x86_64-linux-gnu --host=x86_64-linux-gnu --target=x86_64-linux-gnu
Thread model: posix
gcc version 9.4.0 (Ubuntu 9.4.0-1ubuntu1~20.04.2) 
configure:32813: $? = 0
configure:32802: /usr/bin/g++ -V >&5
g++: error: unrecognized command line option '-V'
g++: fatal error: no input files
compilation terminated.
configure:32813: $? = 1
configure:32802: /usr/bin/g++ -qversion >&5
g++: error: unrecognized command line option '-qversion'; did you mean '--version'?
g++: fatal error: no input files
compilation terminated.
configure:32813: $? = 1
configure:32817: checking whether we are using the GNU C++ compiler
configure:32836: /usr/bin/g++ -c   conftest.cpp >&5
configure:32836: $? = 0
configure:32845: result: yes
configure:32854: checking whether /usr/bin/g++ accepts -g
configure:32874: /usr/bin/g++ -c -g  conftest.cpp >&5
configure:32874: $? = 0
configure:32915: result: yes
configure:32973: checking how to run the C preprocessor
configure:33004: /usr/bin/gcc -E  conftest.c
configure:33004: $? = 0
configure:33018: /usr/bin/gcc -E  conftest.c
conftest.c:9:10: fatal error: ac_nonexistent.h: No such file or directory
    9 | #include <ac_nonexistent.h>
      |          ^~~~~~~~~~~~~~~~~~
compilation terminated.
configure:33018: $? = 1
configure: failed program was:
| /* confdefs.h */
| #define PACKAGE_NAME "OpenJDK"
| #define PACKAGE_TARNAME "openjdk"
| #define PACKAGE_VERSION "jdk8"
| #define PACKAGE_STRING "OpenJDK jdk8"
| #define PACKAGE_BUGREPORT "build-dev@openjdk.java.net"
| #define PACKAGE_URL "http://openjdk.java.net"
| /* end confdefs.h.  */
| #include <ac_nonexistent.h>
configure:33043: result: /usr/bin/gcc -E
configure:33063: /usr/bin/gcc -E  conftest.c
configure:33063: $? = 0
configure:33077: /usr/bin/gcc -E  conftest.c
conftest.c:9:10: fatal error: ac_nonexistent.h: No such file or directory
    9 | #include <ac_nonexistent.h>
      |          ^~~~~~~~~~~~~~~~~~
compilation terminated.
configure:33077: $? = 1
configure: failed program was:
| /* confdefs.h */
| #define PACKAGE_NAME "OpenJDK"
| #define PACKAGE_TARNAME "openjdk"
| #define PACKAGE_VERSION "jdk8"
| #define PACKAGE_STRING "OpenJDK jdk8"
| #define PACKAGE_BUGREPORT "build-dev@openjdk.java.net"
| #define PACKAGE_URL "http://openjdk.java.net"
| /* end confdefs.h.  */
| #include <ac_nonexistent.h>
configure:33392: checking how to run the C++ preprocessor
configure:33419: /usr/bin/g++ -E  conftest.cpp
configure:33419: $? = 0
configure:33433: /usr/bin/g++ -E  conftest.cpp
conftest.cpp:9:10: fatal error: ac_nonexistent.h: No such file or directory
    9 | #include <ac_nonexistent.h>
      |          ^~~~~~~~~~~~~~~~~~
compilation terminated.
configure:33433: $? = 1
configure: failed program was:
| /* confdefs.h */
| #define PACKAGE_NAME "OpenJDK"
| #define PACKAGE_TARNAME "openjdk"
| #define PACKAGE_VERSION "jdk8"
| #define PACKAGE_STRING "OpenJDK jdk8"
| #define PACKAGE_BUGREPORT "build-dev@openjdk.java.net"
| #define PACKAGE_URL "http://openjdk.java.net"
| /* end confdefs.h.  */
| #include <ac_nonexistent.h>
configure:33458: result: /usr/bin/g++ -E
configure:33478: /usr/bin/g++ -E  conftest.cpp
configure:33478: $? = 0
configure:33492: /usr/bin/g++ -E  conftest.cpp
conftest.cpp:9:10: fatal error: ac_nonexistent.h: No such file or directory
    9 | #include <ac_nonexistent.h>
      |          ^~~~~~~~~~~~~~~~~~
compilation terminated.
configure:33492: $? = 1
configure: failed program was:
| /* confdefs.h */
| #define PACKAGE_NAME "OpenJDK"
| #define PACKAGE_TARNAME "openjdk"
| #define PACKAGE_VERSION "jdk8"
| #define PACKAGE_STRING "OpenJDK jdk8"
| #define PACKAGE_BUGREPORT "build-dev@openjdk.java.net"
| #define PACKAGE_URL "http://openjdk.java.net"
| /* end confdefs.h.  */
| #include <ac_nonexistent.h>
configure:34746: checking for ar
configure:34762: found /usr/bin/ar
configure:34773: result: ar
configure:35265: Rewriting AR to "/usr/bin/ar"
configure:39248: checking for strip
configure:39264: found /usr/bin/strip
configure:39275: result: strip
configure:39766: Rewriting STRIP to "/usr/bin/strip"
configure:39772: checking for otool
configure:39805: result: no
configure:39869: checking for nm
configure:39885: found /usr/bin/nm
configure:39896: result: nm
configure:40387: Rewriting NM to "/usr/bin/nm"
configure:40454: checking for gobjcopy
configure:40484: result: no
configure:40454: checking for objcopy
configure:40470: found /usr/bin/objcopy
configure:40481: result: objcopy
configure:40974: Rewriting OBJCOPY to "/usr/bin/objcopy"
configure:41037: checking for gobjdump
configure:41067: result: no
configure:41037: checking for objdump
configure:41053: found /usr/bin/objdump
configure:41064: result: objdump
configure:41558: Rewriting OBJDUMP to "/usr/bin/objdump"
configure:43104: checking for broken SuSE 'ld' which only understands anonymous version tags in executables
configure:43109: result: no
configure:43135: checking for jtreg
configure:43137: result: no
configure:43613: checking for ANSI C header files
configure:43633: /usr/bin/g++ -c   conftest.cpp >&5
configure:43633: $? = 0
configure:43706: /usr/bin/g++ -o conftest    conftest.cpp  >&5
configure:43706: $? = 0
configure:43706: ./conftest
configure:43706: $? = 0
configure:43717: result: yes
configure:43730: checking for sys/types.h
configure:43730: /usr/bin/g++ -c   conftest.cpp >&5
configure:43730: $? = 0
configure:43730: result: yes
configure:43730: checking for sys/stat.h
configure:43730: /usr/bin/g++ -c   conftest.cpp >&5
configure:43730: $? = 0
configure:43730: result: yes
configure:43730: checking for stdlib.h
configure:43730: /usr/bin/g++ -c   conftest.cpp >&5
configure:43730: $? = 0
configure:43730: result: yes
configure:43730: checking for string.h
configure:43730: /usr/bin/g++ -c   conftest.cpp >&5
configure:43730: $? = 0
configure:43730: result: yes
configure:43730: checking for memory.h
configure:43730: /usr/bin/g++ -c   conftest.cpp >&5
configure:43730: $? = 0
configure:43730: result: yes
configure:43730: checking for strings.h
configure:43730: /usr/bin/g++ -c   conftest.cpp >&5
configure:43730: $? = 0
configure:43730: result: yes
configure:43730: checking for inttypes.h
configure:43730: /usr/bin/g++ -c   conftest.cpp >&5
configure:43730: $? = 0
configure:43730: result: yes
configure:43730: checking for stdint.h
configure:43730: /usr/bin/g++ -c   conftest.cpp >&5
configure:43730: $? = 0
configure:43730: result: yes
configure:43730: checking for unistd.h
configure:43730: /usr/bin/g++ -c   conftest.cpp >&5
configure:43730: $? = 0
configure:43730: result: yes
configure:43796: checking stdio.h usability
configure:43796: /usr/bin/g++ -c   conftest.cpp >&5
configure:43796: $? = 0
configure:43796: result: yes
configure:43796: checking stdio.h presence
configure:43796: /usr/bin/g++ -E  conftest.cpp
configure:43796: $? = 0
configure:43796: result: yes
configure:43796: checking for stdio.h
configure:43796: result: yes
configure:43824: checking size of int *
configure:43829: /usr/bin/g++ -o conftest    conftest.cpp  >&5
configure:43829: $? = 0
configure:43829: ./conftest
configure:43829: $? = 0
configure:43843: result: 8
configure:43936: checking for target address size
configure:43938: result: 64 bits
configure:43946: checking whether byte ordering is bigendian
configure:43961: /usr/bin/g++ -c   conftest.cpp >&5
conftest.cpp:22:9: error: expected unqualified-id before 'not' token
   22 |         not a universal capable compiler
      |         ^~~
configure:43961: $? = 1
configure: failed program was:
| /* confdefs.h */
| #define PACKAGE_NAME "OpenJDK"
| #define PACKAGE_TARNAME "openjdk"
| #define PACKAGE_VERSION "jdk8"
| #define PACKAGE_STRING "OpenJDK jdk8"
| #define PACKAGE_BUGREPORT "build-dev@openjdk.java.net"
| #define PACKAGE_URL "http://openjdk.java.net"
| #define STDC_HEADERS 1
| #define HAVE_SYS_TYPES_H 1
| #define HAVE_SYS_STAT_H 1
| #define HAVE_STDLIB_H 1
| #define HAVE_STRING_H 1
| #define HAVE_MEMORY_H 1
| #define HAVE_STRINGS_H 1
| #define HAVE_INTTYPES_H 1
| #define HAVE_STDINT_H 1
| #define HAVE_UNISTD_H 1
| #define HAVE_STDIO_H 1
| #define SIZEOF_INT_P 8
| /* end confdefs.h.  */
| #ifndef __APPLE_CC__
| 	       not a universal capable compiler
| 	     #endif
| 	     typedef int dummy;
| 
configure:44006: /usr/bin/g++ -c   conftest.cpp >&5
configure:44006: $? = 0
configure:44024: /usr/bin/g++ -c   conftest.cpp >&5
conftest.cpp: In function 'int main()':
conftest.cpp:28:8: error: 'big' was not declared in this scope
   28 |    not big endian
      |        ^~~
configure:44024: $? = 1
configure: failed program was:
| /* confdefs.h */
| #define PACKAGE_NAME "OpenJDK"
| #define PACKAGE_TARNAME "openjdk"
| #define PACKAGE_VERSION "jdk8"
| #define PACKAGE_STRING "OpenJDK jdk8"
| #define PACKAGE_BUGREPORT "build-dev@openjdk.java.net"
| #define PACKAGE_URL "http://openjdk.java.net"
| #define STDC_HEADERS 1
| #define HAVE_SYS_TYPES_H 1
| #define HAVE_SYS_STAT_H 1
| #define HAVE_STDLIB_H 1
| #define HAVE_STRING_H 1
| #define HAVE_MEMORY_H 1
| #define HAVE_STRINGS_H 1
| #define HAVE_INTTYPES_H 1
| #define HAVE_STDINT_H 1
| #define HAVE_UNISTD_H 1
| #define HAVE_STDIO_H 1
| #define SIZEOF_INT_P 8
| /* end confdefs.h.  */
| #include <sys/types.h>
| 		#include <sys/param.h>
| 
| int
| main ()
| {
| #if BYTE_ORDER != BIG_ENDIAN
| 		 not big endian
| 		#endif
| 
|   ;
|   return 0;
| }
configure:44152: result: no
configure:44438: checking if the C++ compiler supports "-std=gnu++98 -Werror"
configure:44454: /usr/bin/g++ -c  -std=gnu++98 -Werror  conftest.cpp >&5
configure:44454: $? = 0
configure:44468: result: yes
configure:44594: checking if the C compiler supports "-fno-delete-null-pointer-checks -Werror"
configure:44611: /usr/bin/gcc -c  -fno-delete-null-pointer-checks -Werror  conftest.c >&5
configure:44611: $? = 0
configure:44625: result: yes
configure:44634: checking if the C++ compiler supports "-fno-delete-null-pointer-checks -Werror"
configure:44650: /usr/bin/g++ -c  -fno-delete-null-pointer-checks -Werror  conftest.cpp >&5
configure:44650: $? = 0
configure:44664: result: yes
configure:44673: checking if both compilers support "-fno-delete-null-pointer-checks -Werror"
configure:44678: result: yes
configure:44690: checking if the C compiler supports "-fno-lifetime-dse -Werror"
configure:44706: /usr/bin/gcc -c  -fno-lifetime-dse -Werror  conftest.c >&5
configure:44706: $? = 0
configure:44720: result: yes
configure:44729: checking if the C++ compiler supports "-fno-lifetime-dse -Werror"
configure:44745: /usr/bin/g++ -c  -fno-lifetime-dse -Werror  conftest.cpp >&5
configure:44745: $? = 0
configure:44759: result: yes
configure:44768: checking if both compilers support "-fno-lifetime-dse -Werror"
configure:44773: result: yes
configure:44802: checking if the C++ compiler supports "-ffp-contract=off -Werror"
configure:44818: /usr/bin/g++ -c  -ffp-contract=off -Werror  conftest.cpp >&5
configure:44818: $? = 0
configure:44832: result: yes
configure:45212: checking if the C compiler supports "-m64"
configure:45228: /usr/bin/gcc -c  -m64  conftest.c >&5
configure:45228: $? = 0
configure:45242: result: yes
configure:45251: checking if the C++ compiler supports "-m64"
configure:45267: /usr/bin/g++ -c  -m64  conftest.cpp >&5
configure:45267: $? = 0
configure:45281: result: yes
configure:45290: checking if both compilers support "-m64"
configure:45295: result: yes
configure:45309: checking if the C compiler supports "-m64"
configure:45325: /usr/bin/gcc -c  -m64  conftest.c >&5
configure:45325: $? = 0
configure:45339: result: yes
configure:45348: checking if the C++ compiler supports "-m64"
configure:45364: /usr/bin/g++ -c  -m64  conftest.cpp >&5
configure:45364: $? = 0
configure:45378: result: yes
configure:45387: checking if both compilers support "-m64"
configure:45392: result: yes
configure:45418: checking if we should generate debug symbols
configure:45443: result: true
configure:45452: checking if we should zip debug-info files
configure:45461: result: yes
configure:45476: checking what type of native debug symbols to use (this will override previous settings)
configure:45492: result: not specified
configure:45542: --with-native-debug-symbols not specified. Using values from --disable-debug-symbols and --disable-zip-debug-info
configure:45626: checking what is not needed on Linux?
configure:45629: result: pulse
configure:45736: checking for X
configure:45844: /usr/bin/g++ -E  conftest.cpp
configure:45844: $? = 0
configure:45875: /usr/bin/g++ -o conftest    conftest.cpp -lX11  >&5
configure:45875: $? = 0
configure:45925: result: libraries , headers 
configure:46024: /usr/bin/g++ -o conftest    conftest.cpp   -lX11 >&5
configure:46024: $? = 0
configure:46122: checking for gethostbyname
configure:46122: /usr/bin/g++ -o conftest    conftest.cpp  >&5
configure:46122: $? = 0
configure:46122: result: yes
configure:46219: checking for connect
configure:46219: /usr/bin/g++ -o conftest    conftest.cpp  >&5
configure:46219: $? = 0
configure:46219: result: yes
configure:46268: checking for remove
configure:46268: /usr/bin/g++ -o conftest    conftest.cpp  >&5
configure:46268: $? = 0
configure:46268: result: yes
configure:46317: checking for shmat
configure:46317: /usr/bin/g++ -o conftest    conftest.cpp  >&5
configure:46317: $? = 0
configure:46317: result: yes
configure:46375: checking for IceConnectionNumber in -lICE
configure:46400: /usr/bin/g++ -o conftest    conftest.cpp -lICE   >&5
configure:46400: $? = 0
configure:46409: result: yes
configure:46494: checking for X11/extensions/shape.h
configure:46494: /usr/bin/gcc -c    conftest.c >&5
configure:46494: $? = 0
configure:46494: result: yes
configure:46494: checking for X11/extensions/Xrender.h
configure:46494: /usr/bin/gcc -c    conftest.c >&5
configure:46494: $? = 0
configure:46494: result: yes
configure:46494: checking for X11/extensions/XTest.h
configure:46494: /usr/bin/gcc -c    conftest.c >&5
configure:46494: $? = 0
configure:46494: result: yes
configure:46494: checking for X11/Intrinsic.h
configure:46494: /usr/bin/gcc -c    conftest.c >&5
configure:46494: $? = 0
configure:46494: result: yes
configure:46747: checking cups/cups.h usability
configure:46747: /usr/bin/g++ -c   conftest.cpp >&5
configure:46747: $? = 0
configure:46747: result: yes
configure:46747: checking cups/cups.h presence
configure:46747: /usr/bin/g++ -E  conftest.cpp
configure:46747: $? = 0
configure:46747: result: yes
configure:46747: checking for cups/cups.h
configure:46747: result: yes
configure:46747: checking cups/ppd.h usability
configure:46747: /usr/bin/g++ -c   conftest.cpp >&5
configure:46747: $? = 0
configure:46747: result: yes
configure:46747: checking cups/ppd.h presence
configure:46747: /usr/bin/g++ -E  conftest.cpp
configure:46747: $? = 0
configure:46747: result: yes
configure:46747: checking for cups/ppd.h
configure:46747: result: yes
configure:47803: checking for FREETYPE
configure:47810: $PKG_CONFIG --exists --print-errors "freetype2"
configure:47813: $? = 0
configure:47826: $PKG_CONFIG --exists --print-errors "freetype2"
configure:47829: $? = 0
configure:47864: result: yes
configure:47881: checking for freetype
configure:47883: result: yes (using pkg-config)
configure:50557: checking if we can compile and link with freetype
configure:50582:  /usr/bin/g++ -o conftest  -I/usr/include/freetype2 -I/usr/include/libpng16   conftest.cpp  -lfreetype >&5
configure:50582: $? = 0
configure:50584: result: yes
configure:50643: checking if we should bundle freetype
configure:50648: result: no
configure:50861: checking for ALSA
configure:50868: $PKG_CONFIG --exists --print-errors "alsa"
configure:50871: $? = 0
configure:50884: $PKG_CONFIG --exists --print-errors "alsa"
configure:50887: $? = 0
configure:50922: result: yes
configure:51043: checking fontconfig/fontconfig.h usability
configure:51043: /usr/bin/g++ -c  -I/usr/include/freetype2 -I/usr/include/libpng16  conftest.cpp >&5
configure:51043: $? = 0
configure:51043: result: yes
configure:51043: checking fontconfig/fontconfig.h presence
configure:51043: /usr/bin/g++ -E  conftest.cpp
configure:51043: $? = 0
configure:51043: result: yes
configure:51043: checking for fontconfig/fontconfig.h
configure:51043: result: yes
configure:51103: checking for main in -ljpeg
configure:51122: /usr/bin/g++ -o conftest  -I/usr/include/freetype2 -I/usr/include/libpng16   conftest.cpp -ljpeg   >&5
configure:51122: $? = 0
configure:51131: result: yes
configure:51162: checking for which giflib to use
configure:51175: result: bundled
configure:51255: checking for compress in -lz
configure:51280: /usr/bin/g++ -o conftest  -I/usr/include/freetype2 -I/usr/include/libpng16   conftest.cpp -lz  -ljpeg  >&5
configure:51280: $? = 0
configure:51289: result: yes
configure:51298: checking for which zlib to use
configure:51325: result: bundled
configure:51364: /usr/bin/g++ -o conftest  -I/usr/include/freetype2 -I/usr/include/libpng16   conftest.cpp -ljpeg  >&5
conftest.cpp: In function 'int main()':
conftest.cpp:33:13: error: 'altzone' was not declared in this scope
   33 | return (int)altzone;
      |             ^~~~~~~
configure:51364: $? = 1
configure: failed program was:
| /* confdefs.h */
| #define PACKAGE_NAME "OpenJDK"
| #define PACKAGE_TARNAME "openjdk"
| #define PACKAGE_VERSION "jdk8"
| #define PACKAGE_STRING "OpenJDK jdk8"
| #define PACKAGE_BUGREPORT "build-dev@openjdk.java.net"
| #define PACKAGE_URL "http://openjdk.java.net"
| #define STDC_HEADERS 1
| #define HAVE_SYS_TYPES_H 1
| #define HAVE_SYS_STAT_H 1
| #define HAVE_STDLIB_H 1
| #define HAVE_STRING_H 1
| #define HAVE_MEMORY_H 1
| #define HAVE_STRINGS_H 1
| #define HAVE_INTTYPES_H 1
| #define HAVE_STDINT_H 1
| #define HAVE_UNISTD_H 1
| #define HAVE_STDIO_H 1
| #define SIZEOF_INT_P 8
| #define HAVE_X11_EXTENSIONS_SHAPE_H 1
| #define HAVE_X11_EXTENSIONS_XRENDER_H 1
| #define HAVE_X11_EXTENSIONS_XTEST_H 1
| #define HAVE_X11_INTRINSIC_H 1
| #define HAVE_CUPS_CUPS_H 1
| #define HAVE_CUPS_PPD_H 1
| #define HAVE_FONTCONFIG_FONTCONFIG_H 1
| #define HAVE_LIBJPEG 1
| /* end confdefs.h.  */
| #include <time.h>
| int
| main ()
| {
| return (int)altzone;
|   ;
|   return 0;
| }
configure:51382: checking for cos in -lm
configure:51407: /usr/bin/g++ -o conftest  -I/usr/include/freetype2 -I/usr/include/libpng16   conftest.cpp -lm  -ljpeg  >&5
conftest.cpp:36:6: warning: declaration of 'char cos()' conflicts with built-in declaration 'double cos(double)' [-Wbuiltin-declaration-mismatch]
   36 | char cos ();
      |      ^~~
configure:51407: $? = 0
configure:51416: result: yes
configure:51441: checking for dlopen in -ldl
configure:51466: /usr/bin/g++ -o conftest  -I/usr/include/freetype2 -I/usr/include/libpng16   conftest.cpp -ldl   >&5
configure:51466: $? = 0
configure:51475: result: yes
configure:51513: checking if dynamic link of stdc++ is possible
configure:51534: /usr/bin/g++ -o conftest  -I/usr/include/freetype2 -I/usr/include/libpng16 -lstdc++   conftest.cpp -lm -ljpeg  >&5
configure:51534: $? = 0
configure:51548: result: yes
configure:51552: checking if static link of stdc++ is possible
configure:51576: /usr/bin/gcc -o conftest  -I/usr/include/freetype2 -I/usr/include/libpng16   conftest.cpp -Wl,-Bstatic -lstdc++ -lgcc -Wl,-Bdynamic >&5
configure:51576: $? = 0
configure:51591: result: yes
configure:51606: checking how to link with libstdc++
configure:51620: result: static
configure:54971: checking if elliptic curve crypto implementation is present
configure:54976: result: yes
configure:55005: checking for number of cores
configure:55035: result: 20
configure:55060: checking for memory size
configure:55088: result: 15724 MB
configure:55113: checking for appropriate number of jobs to run in parallel
configure:55134: result: 14
Check if jvm arg is ok: -verbosegc
Command: /home/jenkins/bootjdks/jdk8/bin/java -verbosegc -version
Check if jvm arg is ok: -Xverbose:gc
Command: /home/jenkins/bootjdks/jdk8/bin/java -Xverbose:gc -version
Arg failed:
JVMJ9VM007E Command-line option unrecognised: -Xverbose:gc
Error: Could not create the Java Virtual Machine.
Error: A fatal exception has occurred. Program will exit.
Check if jvm arg is ok: -d64
Command: /home/jenkins/bootjdks/jdk8/bin/java  -verbosegc -d64 -version
Check if jvm arg is ok: -Xms6G -Xmx6G
Command: /home/jenkins/bootjdks/jdk8/bin/java  -verbosegc -d64 -Xms6G -Xmx6G -version
configure:55339: checking whether to use sjavac
configure:55348: result: no
configure:55383: checking that precompiled headers work
configure:55392: result: yes
configure:55411: checking is ccache enabled
configure:55620: result: no
configure:55736: checking if build directory is on local disk
configure:55762: result: yes
configure:56409: creating /src/openj9-openjdk-jdk8/build/linux-x86_64-normal-server-release/config.status

## ---------------------- ##
## Running config.status. ##
## ---------------------- ##

This file was extended by OpenJDK config.status jdk8, which was
generated by GNU Autoconf 2.69.  Invocation command line was

  CONFIG_FILES    = 
  CONFIG_HEADERS  = 
  CONFIG_LINKS    = 
  CONFIG_COMMANDS = 
  $ /src/openj9-openjdk-jdk8/build/linux-x86_64-normal-server-release/config.status 

on eca4f788960a

config.status:1225: creating /src/openj9-openjdk-jdk8/build/linux-x86_64-normal-server-release/spec.gmk
config.status:1225: creating /src/openj9-openjdk-jdk8/build/linux-x86_64-normal-server-release/hotspot-spec.gmk
config.status:1225: creating /src/openj9-openjdk-jdk8/build/linux-x86_64-normal-server-release/bootcycle-spec.gmk
config.status:1225: creating /src/openj9-openjdk-jdk8/build/linux-x86_64-normal-server-release/compare.sh
config.status:1225: creating /src/openj9-openjdk-jdk8/build/linux-x86_64-normal-server-release/spec.sh
config.status:1225: creating /src/openj9-openjdk-jdk8/build/linux-x86_64-normal-server-release/Makefile
config.status:1225: creating /src/openj9-openjdk-jdk8/build/linux-x86_64-normal-server-release/custom-spec.gmk
config.status:1225: creating /src/openj9-openjdk-jdk8/build/linux-x86_64-normal-server-release/config.h

## ---------------- ##
## Cache variables. ##
## ---------------- ##

ac_cv_build=x86_64-unknown-linux-gnu
ac_cv_c_bigendian=no
ac_cv_c_compiler_gnu=yes
ac_cv_cxx_compiler_gnu=yes
ac_cv_env_ALSA_CFLAGS_set=
ac_cv_env_ALSA_CFLAGS_value=
ac_cv_env_ALSA_LIBS_set=
ac_cv_env_ALSA_LIBS_value=
ac_cv_env_AR_set=
ac_cv_env_AR_value=
ac_cv_env_AS_set=
ac_cv_env_AS_value=
ac_cv_env_AWK_set=
ac_cv_env_AWK_value=
ac_cv_env_BASENAME_set=
ac_cv_env_BASENAME_value=
ac_cv_env_BASH_set=set
ac_cv_env_BASH_value=/usr/bin/bash
ac_cv_env_BUILD_CC_set=
ac_cv_env_BUILD_CC_value=
ac_cv_env_BUILD_CXX_set=
ac_cv_env_BUILD_CXX_value=
ac_cv_env_BUILD_LD_set=
ac_cv_env_BUILD_LD_value=
ac_cv_env_CAT_set=
ac_cv_env_CAT_value=
ac_cv_env_CCACHE_set=
ac_cv_env_CCACHE_value=
ac_cv_env_CCC_set=
ac_cv_env_CCC_value=
ac_cv_env_CC_set=
ac_cv_env_CC_value=
ac_cv_env_CFLAGS_set=
ac_cv_env_CFLAGS_value=
ac_cv_env_CHMOD_set=
ac_cv_env_CHMOD_value=
ac_cv_env_CMAKE_set=
ac_cv_env_CMAKE_value=
ac_cv_env_CMP_set=
ac_cv_env_CMP_value=
ac_cv_env_CODESIGN_set=
ac_cv_env_CODESIGN_value=
ac_cv_env_COMM_set=
ac_cv_env_COMM_value=
ac_cv_env_CPIO_set=
ac_cv_env_CPIO_value=
ac_cv_env_CPPFLAGS_set=
ac_cv_env_CPPFLAGS_value=
ac_cv_env_CPP_set=
ac_cv_env_CPP_value=
ac_cv_env_CP_set=
ac_cv_env_CP_value=
ac_cv_env_CUT_set=
ac_cv_env_CUT_value=
ac_cv_env_CXXCPP_set=
ac_cv_env_CXXCPP_value=
ac_cv_env_CXXFLAGS_set=
ac_cv_env_CXXFLAGS_value=
ac_cv_env_CXX_set=
ac_cv_env_CXX_value=
ac_cv_env_CYGPATH_set=
ac_cv_env_CYGPATH_value=
ac_cv_env_DATE_set=
ac_cv_env_DATE_value=
ac_cv_env_DF_set=
ac_cv_env_DF_value=
ac_cv_env_DIFF_set=
ac_cv_env_DIFF_value=
ac_cv_env_DIRNAME_set=
ac_cv_env_DIRNAME_value=
ac_cv_env_DSYMUTIL_set=
ac_cv_env_DSYMUTIL_value=
ac_cv_env_ECHO_set=
ac_cv_env_ECHO_value=
ac_cv_env_EGREP_set=
ac_cv_env_EGREP_value=
ac_cv_env_EXPR_set=
ac_cv_env_EXPR_value=
ac_cv_env_FGREP_set=
ac_cv_env_FGREP_value=
ac_cv_env_FILE_set=
ac_cv_env_FILE_value=
ac_cv_env_FIND_set=
ac_cv_env_FIND_value=
ac_cv_env_FREETYPE_CFLAGS_set=
ac_cv_env_FREETYPE_CFLAGS_value=
ac_cv_env_FREETYPE_LIBS_set=
ac_cv_env_FREETYPE_LIBS_value=
ac_cv_env_GNM_set=
ac_cv_env_GNM_value=
ac_cv_env_GREP_set=
ac_cv_env_GREP_value=
ac_cv_env_HEAD_set=
ac_cv_env_HEAD_value=
ac_cv_env_HG_set=
ac_cv_env_HG_value=
ac_cv_env_JTREGEXE_set=
ac_cv_env_JTREGEXE_value=
ac_cv_env_LDD_set=
ac_cv_env_LDD_value=
ac_cv_env_LDFLAGS_set=
ac_cv_env_LDFLAGS_value=
ac_cv_env_LIBFFI_CFLAGS_set=
ac_cv_env_LIBFFI_CFLAGS_value=
ac_cv_env_LIBFFI_LIBS_set=
ac_cv_env_LIBFFI_LIBS_value=
ac_cv_env_LIBS_set=
ac_cv_env_LIBS_value=
ac_cv_env_LIPO_set=
ac_cv_env_LIPO_value=
ac_cv_env_LN_set=
ac_cv_env_LN_value=
ac_cv_env_LS_set=
ac_cv_env_LS_value=
ac_cv_env_MCS_set=
ac_cv_env_MCS_value=
ac_cv_env_MKDIR_set=
ac_cv_env_MKDIR_value=
ac_cv_env_MKTEMP_set=
ac_cv_env_MKTEMP_value=
ac_cv_env_MV_set=
ac_cv_env_MV_value=
ac_cv_env_NASM_set=
ac_cv_env_NASM_value=
ac_cv_env_NAWK_set=
ac_cv_env_NAWK_value=
ac_cv_env_NM_set=
ac_cv_env_NM_value=
ac_cv_env_OBJCFLAGS_set=
ac_cv_env_OBJCFLAGS_value=
ac_cv_env_OBJCOPY_set=
ac_cv_env_OBJCOPY_value=
ac_cv_env_OBJC_set=
ac_cv_env_OBJC_value=
ac_cv_env_OBJDUMP_set=
ac_cv_env_OBJDUMP_value=
ac_cv_env_OPENJ9_CLANG_set=
ac_cv_env_OPENJ9_CLANG_value=
ac_cv_env_OPENSSL_CFLAGS_set=
ac_cv_env_OPENSSL_CFLAGS_value=
ac_cv_env_OPENSSL_LIBS_set=
ac_cv_env_OPENSSL_LIBS_value=
ac_cv_env_PKG_CONFIG_set=
ac_cv_env_PKG_CONFIG_value=
ac_cv_env_PRINTF_set=
ac_cv_env_PRINTF_value=
ac_cv_env_READELF_set=
ac_cv_env_READELF_value=
ac_cv_env_READLINK_set=
ac_cv_env_READLINK_value=
ac_cv_env_RM_set=
ac_cv_env_RM_value=
ac_cv_env_SED_set=
ac_cv_env_SED_value=
ac_cv_env_SETFILE_set=
ac_cv_env_SETFILE_value=
ac_cv_env_SH_set=
ac_cv_env_SH_value=
ac_cv_env_SORT_set=
ac_cv_env_SORT_value=
ac_cv_env_STAT_set=
ac_cv_env_STAT_value=
ac_cv_env_STRIP_set=
ac_cv_env_STRIP_value=
ac_cv_env_TAIL_set=
ac_cv_env_TAIL_value=
ac_cv_env_TAR_set=
ac_cv_env_TAR_value=
ac_cv_env_TEE_set=
ac_cv_env_TEE_value=
ac_cv_env_TIME_set=
ac_cv_env_TIME_value=
ac_cv_env_TOUCH_set=
ac_cv_env_TOUCH_value=
ac_cv_env_TR_set=
ac_cv_env_TR_value=
ac_cv_env_UNAME_set=
ac_cv_env_UNAME_value=
ac_cv_env_UNIQ_set=
ac_cv_env_UNIQ_value=
ac_cv_env_UNZIP_set=
ac_cv_env_UNZIP_value=
ac_cv_env_WC_set=
ac_cv_env_WC_value=
ac_cv_env_WHICH_set=
ac_cv_env_WHICH_value=
ac_cv_env_XARGS_set=
ac_cv_env_XARGS_value=
ac_cv_env_XATTR_set=
ac_cv_env_XATTR_value=
ac_cv_env_XMKMF_set=
ac_cv_env_XMKMF_value=
ac_cv_env_ZIP_set=
ac_cv_env_ZIP_value=
ac_cv_env_build_alias_set=
ac_cv_env_build_alias_value=
ac_cv_env_host_alias_set=
ac_cv_env_host_alias_value=
ac_cv_env_target_alias_set=
ac_cv_env_target_alias_value=
ac_cv_func_connect=yes
ac_cv_func_gethostbyname=yes
ac_cv_func_remove=yes
ac_cv_func_shmat=yes
ac_cv_have_x='have_x=yes	ac_x_includes='\'''\''	ac_x_libraries='\'''\'''
ac_cv_header_X11_Intrinsic_h=yes
ac_cv_header_X11_extensions_XTest_h=yes
ac_cv_header_X11_extensions_Xrender_h=yes
ac_cv_header_X11_extensions_shape_h=yes
ac_cv_header_cups_cups_h=yes
ac_cv_header_cups_ppd_h=yes
ac_cv_header_fontconfig_fontconfig_h=yes
ac_cv_header_inttypes_h=yes
ac_cv_header_memory_h=yes
ac_cv_header_stdc=yes
ac_cv_header_stdint_h=yes
ac_cv_header_stdio_h=yes
ac_cv_header_stdlib_h=yes
ac_cv_header_string_h=yes
ac_cv_header_strings_h=yes
ac_cv_header_sys_stat_h=yes
ac_cv_header_sys_types_h=yes
ac_cv_header_unistd_h=yes
ac_cv_host=x86_64-unknown-linux-gnu
ac_cv_lib_ICE_IceConnectionNumber=yes
ac_cv_lib_dl_dlopen=yes
ac_cv_lib_jpeg_main=yes
ac_cv_lib_m_cos=yes
ac_cv_lib_z_compress=yes
ac_cv_objext=o
ac_cv_path_BASENAME=/usr/bin/basename
ac_cv_path_BASH=/usr/bin/bash
ac_cv_path_CAT=/usr/bin/cat
ac_cv_path_CHECK_MAKE=/usr/bin/make
ac_cv_path_CHMOD=/usr/bin/chmod
ac_cv_path_CMAKE=/usr/bin/cmake
ac_cv_path_CMP=/usr/bin/cmp
ac_cv_path_COMM=/usr/bin/comm
ac_cv_path_CP=/usr/bin/cp
ac_cv_path_CPIO=/usr/bin/cpio
ac_cv_path_CUT=/usr/bin/cut
ac_cv_path_DATE=/usr/bin/date
ac_cv_path_DF=/usr/bin/df
ac_cv_path_DIFF=/usr/bin/diff
ac_cv_path_DIRNAME=/usr/bin/dirname
ac_cv_path_ECHO=/usr/bin/echo
ac_cv_path_EGREP='/usr/bin/grep -E'
ac_cv_path_EXPR=/usr/bin/expr
ac_cv_path_FGREP='/usr/bin/grep -F'
ac_cv_path_FILE=/usr/bin/file
ac_cv_path_FIND=/usr/bin/find
ac_cv_path_GREP=/usr/bin/grep
ac_cv_path_HEAD=/usr/bin/head
ac_cv_path_LDD=/usr/bin/ldd
ac_cv_path_LN=/usr/bin/ln
ac_cv_path_LS=/usr/bin/ls
ac_cv_path_MKDIR=/usr/bin/mkdir
ac_cv_path_MKTEMP=/usr/bin/mktemp
ac_cv_path_MV=/usr/bin/mv
ac_cv_path_NASM=/usr/bin/nasm
ac_cv_path_NAWK=/usr/bin/nawk
ac_cv_path_POTENTIAL_CC=/usr/bin/gcc
ac_cv_path_POTENTIAL_CXX=/usr/bin/g++
ac_cv_path_PRINTF=/usr/bin/printf
ac_cv_path_READELF=/usr/bin/readelf
ac_cv_path_READLINK=/usr/bin/readlink
ac_cv_path_RM=/usr/bin/rm
ac_cv_path_SED=/usr/bin/sed
ac_cv_path_SH=/usr/bin/sh
ac_cv_path_SORT=/usr/bin/sort
ac_cv_path_STAT=/usr/bin/stat
ac_cv_path_TAIL=/usr/bin/tail
ac_cv_path_TAR=/usr/bin/tar
ac_cv_path_TEE=/usr/bin/tee
ac_cv_path_TOUCH=/usr/bin/touch
ac_cv_path_TR=/usr/bin/tr
ac_cv_path_UNAME=/usr/bin/uname
ac_cv_path_UNIQ=/usr/bin/uniq
ac_cv_path_UNZIP=/usr/bin/unzip
ac_cv_path_WC=/usr/bin/wc
ac_cv_path_WHICH=/usr/bin/which
ac_cv_path_XARGS=/usr/bin/xargs
ac_cv_path_ZIP=/usr/bin/zip
ac_cv_path_ac_pt_PKG_CONFIG=/usr/bin/pkg-config
ac_cv_prog_AWK=mawk
ac_cv_prog_BDEPS_FTP=wget
ac_cv_prog_BDEPS_UNZIP=unzip
ac_cv_prog_CPP='/usr/bin/gcc -E'
ac_cv_prog_CXXCPP='/usr/bin/g++ -E'
ac_cv_prog_PKGHANDLER=apt-get
ac_cv_prog_ac_ct_AR=ar
ac_cv_prog_ac_ct_NM=nm
ac_cv_prog_ac_ct_OBJCOPY=objcopy
ac_cv_prog_ac_ct_OBJDUMP=objdump
ac_cv_prog_ac_ct_STRIP=strip
ac_cv_prog_cc_c89=
ac_cv_prog_cc_g=yes
ac_cv_prog_cxx_g=yes
ac_cv_sizeof_int_p=8
ac_cv_target=x86_64-unknown-linux-gnu
pkg_cv_ALSA_CFLAGS=
pkg_cv_ALSA_LIBS=-lasound
pkg_cv_FREETYPE_CFLAGS='-I/usr/include/freetype2 -I/usr/include/libpng16'
pkg_cv_FREETYPE_LIBS=-lfreetype

## ----------------- ##
## Output variables. ##
## ----------------- ##

ADD_SRC_ROOT='/src/openj9-openjdk-jdk8/closed/adds'
ALSA_CFLAGS=''
ALSA_LIBS='-lasound'
AR='/usr/bin/ar'
ARFLAGS=''
AR_OUT_OPTION='rcs$(SPACE)'
AS='/usr/bin/gcc -c'
ASFLAGS_DEBUG_SYMBOLS='-g'
AWK='mawk'
BASENAME='/usr/bin/basename'
BASH='/usr/bin/bash'
BDEPS_FTP='wget'
BDEPS_UNZIP='unzip'
BOOT_JDK='/home/jenkins/bootjdks/jdk8'
BOOT_JDK_BITS='64'
BOOT_JDK_SOURCETARGET='-source 7 -target 7'
BOOT_RTJAR='/home/jenkins/bootjdks/jdk8/jre/lib/rt.jar'
BOOT_TOOLSJAR='/home/jenkins/bootjdks/jdk8/lib/tools.jar'
BUILD_CC='/usr/bin/gcc'
BUILD_CXX='/usr/bin/g++'
BUILD_HEADLESS='BUILD_HEADLESS:=true'
BUILD_HOTSPOT='false'
BUILD_LD='/usr/bin/gcc'
BUILD_LOG='$(OUTPUT_ROOT)/build.log'
BUILD_LOG_PREVIOUS='$(OUTPUT_ROOT)/build.log.old'
BUILD_LOG_WRAPPER='$(BASH) $(SRC_ROOT)/common/bin/logger.sh $(BUILD_LOG)'
BUILD_OPENSSL=''
BUILD_OUTPUT='/src/openj9-openjdk-jdk8/build/linux-x86_64-normal-server-release'
BUILD_VARIANT_RELEASE=''
CACERTS_FILE=''
CAT='/usr/bin/cat'
CC='/usr/bin/gcc'
CCACHE=''
CC_OUT_OPTION='-o$(SPACE)'
CC_VERSION_NUMBER='9.4.0'
CFLAGS=''
CFLAGS_DEBUG_SYMBOLS='-g'
CFLAGS_JDKEXE='  -Wall -Wno-parentheses -Wextra -Wno-unused -Wno-unused-parameter -Wformat=2         -pipe -fstack-protector -D_GNU_SOURCE -D_REENTRANT -D_LARGEFILE64_SOURCE -fno-omit-frame-pointer -D_LP64=1 -D_LITTLE_ENDIAN -DLINUX -DARCH='\''"amd64"'\'' -Damd64 -DNDEBUG -DRELEASE='\''"$(RELEASE)"'\''       -I/src/openj9-openjdk-jdk8/build/linux-x86_64-normal-server-release/jdk/include       -I/src/openj9-openjdk-jdk8/build/linux-x86_64-normal-server-release/jdk/include/linux       -I/src/openj9-openjdk-jdk8/jdk/src/share/javavm/export       -I/src/openj9-openjdk-jdk8/jdk/src/solaris/javavm/export       -I/src/openj9-openjdk-jdk8/jdk/src/share/native/common       -I/src/openj9-openjdk-jdk8/jdk/src/solaris/native/common   -fno-strict-aliasing -fno-delete-null-pointer-checks -fno-lifetime-dse -fPIE'
CFLAGS_JDKLIB='  -Wall -Wno-parentheses -Wextra -Wno-unused -Wno-unused-parameter -Wformat=2         -pipe -fstack-protector -D_GNU_SOURCE -D_REENTRANT -D_LARGEFILE64_SOURCE -fno-omit-frame-pointer -D_LP64=1 -D_LITTLE_ENDIAN -DLINUX -DARCH='\''"amd64"'\'' -Damd64 -DNDEBUG -DRELEASE='\''"$(RELEASE)"'\''       -I/src/openj9-openjdk-jdk8/build/linux-x86_64-normal-server-release/jdk/include       -I/src/openj9-openjdk-jdk8/build/linux-x86_64-normal-server-release/jdk/include/linux       -I/src/openj9-openjdk-jdk8/jdk/src/share/javavm/export       -I/src/openj9-openjdk-jdk8/jdk/src/solaris/javavm/export       -I/src/openj9-openjdk-jdk8/jdk/src/share/native/common       -I/src/openj9-openjdk-jdk8/jdk/src/solaris/native/common   -fno-strict-aliasing -fno-delete-null-pointer-checks -fno-lifetime-dse -fPIC '
CHECK_GMAKE=''
CHECK_MAKE='/usr/bin/make'
CHECK_TOOLSDIR_GMAKE=''
CHECK_TOOLSDIR_MAKE=''
CHMOD='/usr/bin/chmod'
CMAKE='/usr/bin/cmake'
CMP='/usr/bin/cmp'
CODESIGN=''
COMM='/usr/bin/comm'
COMPANY_NAME='Eclipse OpenJ9'
COMPILER_SUPPORTS_TARGET_BITS_FLAG='true'
COMPILER_TARGET_BITS_FLAG='-m'
COMPILER_VERSION_STRING='g++ (Ubuntu 9.4.0-1ubuntu1~20.04.2) 9.4.0'
COMPILE_TYPE='native'
COMPRESS_JARS='false'
CONFIGURE_COMMAND_LINE='--with-boot-jdk=/home/jenkins/bootjdks/jdk8'
CONFIG_SHELL='/usr/bin/bash'
CONF_NAME='linux-x86_64-normal-server-release'
COOKED_BUILD_NUMBER='0'
COOKED_JDK_UPDATE_VERSION='2920'
COPYRIGHT_YEAR='2024'
CORBA_TOPDIR='/src/openj9-openjdk-jdk8/corba'
CP='/usr/bin/cp'
CPIO='/usr/bin/cpio'
CPP='/usr/bin/gcc -E'
CPPFLAGS=''
CUPS_CFLAGS=''
CUSTOM_MAKE_DIR='/src/openj9-openjdk-jdk8/closed/make'
CUT='/usr/bin/cut'
CXX='/usr/bin/g++'
CXXCPP='/usr/bin/g++ -E'
CXXFLAGS=' -I/usr/include/freetype2 -I/usr/include/libpng16'
CXXFLAGS_DEBUG_SYMBOLS='-g'
CXXFLAGS_JDKEXE='  -Wall -Wno-parentheses -Wextra -Wno-unused -Wno-unused-parameter -Wformat=2         -pipe -fstack-protector -D_GNU_SOURCE -D_REENTRANT -D_LARGEFILE64_SOURCE -fno-omit-frame-pointer -D_LP64=1 -D_LITTLE_ENDIAN -DLINUX -DARCH='\''"amd64"'\'' -Damd64 -DNDEBUG -DRELEASE='\''"$(RELEASE)"'\''       -I/src/openj9-openjdk-jdk8/build/linux-x86_64-normal-server-release/jdk/include       -I/src/openj9-openjdk-jdk8/build/linux-x86_64-normal-server-release/jdk/include/linux       -I/src/openj9-openjdk-jdk8/jdk/src/share/javavm/export       -I/src/openj9-openjdk-jdk8/jdk/src/solaris/javavm/export       -I/src/openj9-openjdk-jdk8/jdk/src/share/native/common       -I/src/openj9-openjdk-jdk8/jdk/src/solaris/native/common  -std=gnu++98  -fPIE'
CXXFLAGS_JDKLIB='  -Wall -Wno-parentheses -Wextra -Wno-unused -Wno-unused-parameter -Wformat=2         -pipe -fstack-protector -D_GNU_SOURCE -D_REENTRANT -D_LARGEFILE64_SOURCE -fno-omit-frame-pointer -D_LP64=1 -D_LITTLE_ENDIAN -DLINUX -DARCH='\''"amd64"'\'' -Damd64 -DNDEBUG -DRELEASE='\''"$(RELEASE)"'\''       -I/src/openj9-openjdk-jdk8/build/linux-x86_64-normal-server-release/jdk/include       -I/src/openj9-openjdk-jdk8/build/linux-x86_64-normal-server-release/jdk/include/linux       -I/src/openj9-openjdk-jdk8/jdk/src/share/javavm/export       -I/src/openj9-openjdk-jdk8/jdk/src/solaris/javavm/export       -I/src/openj9-openjdk-jdk8/jdk/src/share/native/common       -I/src/openj9-openjdk-jdk8/jdk/src/solaris/native/common  -std=gnu++98  -fPIC  '
CXXSTD_CXXFLAG='-std=gnu++98'
CXX_FLAG_DEPS='-MMD -MF'
CXX_FLAG_REORDER=''
CXX_O_FLAG_HI='-O3'
CXX_O_FLAG_HIGHEST='-O3'
CXX_O_FLAG_NONE='-O0'
CXX_O_FLAG_NORM='-O2'
CXX_VERSION_NUMBER='9.4.0'
CYGPATH=''
CYGWIN_LINK=''
C_FLAG_DEPS='-MMD -MF'
C_FLAG_REORDER=''
C_O_FLAG_HI='-O3'
C_O_FLAG_HIGHEST='-O3'
C_O_FLAG_NONE='-O0'
C_O_FLAG_NORM='-O2'
DATE='/usr/bin/date'
DATE_WHEN_CONFIGURED='Tue Apr 30 09:02:59 EDT 2024'
DEBUG_BINARIES=''
DEBUG_CLASSFILES='false'
DEBUG_LEVEL='release'
DEFINE_CROSS_COMPILE_ARCH=''
DEFS='-DHAVE_CONFIG_H'
DEVKIT_LIB_DIR=''
DF='/usr/bin/df'
DIFF='/usr/bin/diff'
DIRNAME='/usr/bin/dirname'
DSYMUTIL=''
DUMPBIN=''
ECHO='/usr/bin/echo'
ECHO_C=''
ECHO_N='-n'
ECHO_T=''
EGREP='/usr/bin/grep -E'
ENABLE_DEBUG_SYMBOLS='true'
ENABLE_INTREE_EC='yes'
ENABLE_JFR='false'
ENABLE_SJAVAC='no'
EXEEXT=''
EXE_OUT_OPTION='-o$(SPACE)'
EXE_SUFFIX=''
EXPR='/usr/bin/expr'
FASTDEBUG='false'
FDLIBM_CFLAGS='-ffp-contract=off'
FGREP='/usr/bin/grep -F'
FILE='/usr/bin/file'
FIND='/usr/bin/find'
FIND_DELETE='-delete'
FIXPATH=''
FONTCONFIG_CFLAGS=''
FREEMARKER_JAR=''
FREETYPE_BUNDLE_LIB_PATH=''
FREETYPE_CFLAGS='-I/usr/include/freetype2 -I/usr/include/libpng16'
FREETYPE_LIBS='-lfreetype'
GNM='/usr/bin/nm'
GREP='/usr/bin/grep'
HEAD='/usr/bin/head'
HEALTHCENTER_JAR=''
HG=''
HOTSPOT_CXX='/usr/bin/g++'
HOTSPOT_DIST='/src/openj9-openjdk-jdk8/build/linux-x86_64-normal-server-release/hotspot/dist'
HOTSPOT_LD='/usr/bin/gcc'
HOTSPOT_MAKE_ARGS='product  docs export_product'
HOTSPOT_MT=''
HOTSPOT_RC=''
HOTSPOT_TOPDIR='/src/openj9-openjdk-jdk8/hotspot'
INCLUDE_SA='true'
IS_GNU_TIME='no'
JAVAC_CHECK=''
JAVAC_FLAGS=''
JAVA_CHECK=''
JAVA_FLAGS=' -XX:-PrintVMOptions -XX:-UnlockDiagnosticVMOptions -XX:-LogVMOutput '
JAVA_FLAGS_BIG=' -Xms64M -Xmx1600M -XX:ThreadStackSize=1536 -XX:PermSize=32m -XX:MaxPermSize=160m'
JAVA_FLAGS_SMALL=' -XX:+UseSerialGC -Xms32M -Xmx512M'
JAXP_TOPDIR='/src/openj9-openjdk-jdk8/jaxp'
JAXWS_TOPDIR='/src/openj9-openjdk-jdk8/jaxws'
JDK_BUILD_NUMBER='b00'
JDK_FIX_VERSION='0'
JDK_MAJOR_VERSION='1'
JDK_MICRO_VERSION='0'
JDK_MINOR_VERSION='8'
JDK_MOD_VERSION='292'
JDK_RC_PLATFORM_NAME='Platform'
JDK_TOPDIR='/src/openj9-openjdk-jdk8/jdk'
JDK_UPDATE_VERSION='292'
JDK_VARIANT='normal'
JDK_VERSION='1.8.0_292'
JOBS='14'
JTREGEXE=''
JT_HOME=''
JVM_INTERPRETER='template'
JVM_VARIANTS=',server,'
JVM_VARIANT_CLIENT='false'
JVM_VARIANT_CORE='false'
JVM_VARIANT_KERNEL='false'
JVM_VARIANT_MINIMAL1='false'
JVM_VARIANT_SERVER='true'
JVM_VARIANT_ZERO='false'
JVM_VARIANT_ZEROSHARK='false'
LANGTOOLS_TOPDIR='/src/openj9-openjdk-jdk8/langtools'
LAUNCHER_NAME='openjdk'
LD='/usr/bin/gcc'
LDCXX='/usr/bin/gcc'
LDD='/usr/bin/ldd'
LDEXE='/usr/bin/gcc'
LDEXECXX='/usr/bin/g++'
LDFLAGS=''
LDFLAGS_CXX_JDK=''
LDFLAGS_JDKEXE=' -Wl,-z,relro  -Xlinker --hash-style=both  -Xlinker -z -Xlinker defs -Xlinker -z -Xlinker noexecstack -Xlinker -O1 -Xlinker --allow-shlib-undefined -pie'
LDFLAGS_JDKEXE_SUFFIX=''
LDFLAGS_JDKLIB=' -Wl,-z,relro  -Xlinker --hash-style=both  -Xlinker -z -Xlinker defs -Xlinker -z -Xlinker noexecstack -Xlinker -O1 -shared         -L/src/openj9-openjdk-jdk8/build/linux-x86_64-normal-server-release/jdk/lib/amd64 -L/src/openj9-openjdk-jdk8/build/linux-x86_64-normal-server-release/jdk/lib/amd64/server'
LDFLAGS_JDKLIB_SUFFIX='-ljava -ljvm'
LD_OUT_OPTION='-o$(SPACE)'
LEGACY_EXTRA_ASFLAGS=''
LEGACY_EXTRA_CFLAGS=' -fstack-protector '
LEGACY_EXTRA_CXXFLAGS=' -fstack-protector '
LEGACY_EXTRA_LDFLAGS=' -Wl,-z,relro '
LIBCXX=' -Wl,-Bstatic -lstdc++ -lgcc -Wl,-Bdynamic'
LIBDL='-ldl '
LIBFFI_CFLAGS=''
LIBFFI_LIBS=''
LIBM=''
LIBOBJS=''
LIBRARY_PREFIX='lib'
LIBS='-lm -ljpeg '
LIBZIP_CAN_USE_MMAP='true'
LIPO=''
LLVM_CFLAGS=''
LLVM_CONFIG=''
LLVM_LDFLAGS=''
LLVM_LIBS=''
LN='/usr/bin/ln'
LP64='LP64:='
LS='/usr/bin/ls'
LTLIBOBJS=''
MACOSX_BUNDLE_ID_BASE='net.java.openjdk'
MACOSX_BUNDLE_NAME_BASE='OpenJDK'
MACOSX_CODESIGN_IDENTITY=''
MACOSX_UNIVERSAL=''
MACOSX_VERSION_MIN=''
MAKE='/usr/bin/make'
MCS=''
MEMORY_SIZE='15724'
MILESTONE='internal'
MKDIR='/usr/bin/mkdir'
MKTEMP='/usr/bin/mktemp'
MSBUILD=''
MSVCP_DLL=''
MSVCR_DLL=''
MT=''
MV='/usr/bin/mv'
NASHORN_TOPDIR='/src/openj9-openjdk-jdk8/nashorn'
NASM='/usr/bin/nasm'
NAWK='/usr/bin/nawk'
NM='/usr/bin/nm'
NO_DELETE_NULL_POINTER_CHECKS_CFLAG='-fno-delete-null-pointer-checks'
NO_LIFETIME_DSE_CFLAG='-fno-lifetime-dse'
NUM_CORES='20'
OBJC=''
OBJCFLAGS=''
OBJCOPY='/usr/bin/objcopy'
OBJDUMP='/usr/bin/objdump'
OBJEXT='o'
OBJ_SUFFIX='.o'
OMR_MIXED_REFERENCES_MODE='static'
OPENJ9OMR_TOPDIR='/src/openj9-openjdk-jdk8/omr'
OPENJ9_BUILDSPEC='linux_x86-64_mxdptrs'
OPENJ9_CC=''
OPENJ9_CLANG=''
OPENJ9_CUDA_HOME=''
OPENJ9_CXX=''
OPENJ9_DEVELOPER_DIR=''
OPENJ9_ENABLE_CMAKE='true'
OPENJ9_ENABLE_CUDA='false'
OPENJ9_ENABLE_DDR='true'
OPENJ9_ENABLE_JITSERVER='false'
OPENJ9_ENABLE_OPENJDK_METHODHANDLES='false'
OPENJ9_GDK_HOME=''
OPENJ9_LIBS_SUBDIR='default'
OPENJ9_PLATFORM_CODE='xa64'
OPENJ9_TOOL_DIR=''
OPENJ9_TOPDIR='/src/openj9-openjdk-jdk8/openj9'
OPENJDK_BUILD_AUTOCONF_NAME='x86_64-unknown-linux-gnu'
OPENJDK_BUILD_CPU='x86_64'
OPENJDK_BUILD_CPU_ARCH='x86'
OPENJDK_BUILD_CPU_BITS='64'
OPENJDK_BUILD_CPU_ENDIAN='little'
OPENJDK_BUILD_OS='linux'
OPENJDK_BUILD_OS_API='posix'
OPENJDK_BUILD_OS_ENV='linux'
OPENJDK_TARGET_AUTOCONF_NAME='x86_64-unknown-linux-gnu'
OPENJDK_TARGET_CPU='x86_64'
OPENJDK_TARGET_CPU_ARCH='x86'
OPENJDK_TARGET_CPU_BITS='64'
OPENJDK_TARGET_CPU_ENDIAN='little'
OPENJDK_TARGET_CPU_ISADIR=''
OPENJDK_TARGET_CPU_JLI_CFLAGS='-DLIBARCHNAME='\''"amd64"'\'''
OPENJDK_TARGET_CPU_LEGACY='amd64'
OPENJDK_TARGET_CPU_LEGACY_LIB='amd64'
OPENJDK_TARGET_CPU_LIBDIR='/amd64'
OPENJDK_TARGET_CPU_OSARCH='amd64'
OPENJDK_TARGET_OS='linux'
OPENJDK_TARGET_OS_API='posix'
OPENJDK_TARGET_OS_API_DIR='solaris'
OPENJDK_TARGET_OS_ENV='linux'
OPENJDK_TARGET_OS_EXPORT_DIR='solaris'
OPENSSL_BUNDLE_LIB_PATH=''
OPENSSL_CFLAGS=''
OPENSSL_DIR=''
OPENSSL_LIBS=''
OS_VERSION_MAJOR='6'
OS_VERSION_MICRO='0'
OS_VERSION_MINOR='5'
OTOOL='true'
OUTPUT_ROOT='/src/openj9-openjdk-jdk8/build/linux-x86_64-normal-server-release'
OVERRIDE_SRC_ROOT=''
PACKAGE_BUGREPORT='build-dev@openjdk.java.net'
PACKAGE_NAME='OpenJDK'
PACKAGE_PATH='/opt/local'
PACKAGE_STRING='OpenJDK jdk8'
PACKAGE_TARNAME='openjdk'
PACKAGE_URL='http://openjdk.java.net'
PACKAGE_VERSION='jdk8'
PATH_SEP=':'
PATH_SEPARATOR=':'
PKGHANDLER='apt-get'
PKG_CONFIG='/usr/bin/pkg-config'
POST_MCS_CMD=''
POST_STRIP_CMD='/usr/bin/strip -g'
POTENTIAL_CC='/usr/bin/gcc'
POTENTIAL_CXX='/usr/bin/g++'
PRINTF='/usr/bin/printf'
PRODUCT_NAME='OpenJDK'
PRODUCT_SUFFIX='Runtime Environment'
PROPER_COMPILER_CC=''
PROPER_COMPILER_CXX=''
RC=''
RC_FLAGS=''
READELF='/usr/bin/readelf'
READLINK='/usr/bin/readlink'
REQUIRED_OS_NAME='Linux'
REQUIRED_OS_VERSION='2.6'
RM='/usr/bin/rm -f'
SALIB_NAME='libsaproc.so'
SDKPATH=''
SED='/usr/bin/sed'
SETFILE=''
SET_DEVELOPER_DIR=''
SET_EXECUTABLE_ORIGIN='-Xlinker -rpath -Xlinker \$$$$ORIGIN$1'
SET_OPENJDK='OPENJDK=true'
SET_SHARED_LIBRARY_MAPFILE='-Xlinker -version-script=$1'
SET_SHARED_LIBRARY_NAME='-Xlinker -soname=$1'
SET_SHARED_LIBRARY_ORIGIN='-Xlinker -z -Xlinker origin -Xlinker -rpath -Xlinker \$$$$ORIGIN$1'
SH='/usr/bin/sh'
SHARED_LIBRARY='lib$1.so'
SHARED_LIBRARY_FLAGS='-shared'
SHARED_LIBRARY_SUFFIX='.so'
SHELL='/usr/bin/bash'
SJAVAC_SERVER_DIR=''
SJAVAC_SERVER_JAVA='/home/jenkins/bootjdks/jdk8/bin/java  -verbosegc -d64 -Xms6G -Xmx6G'
SORT='/usr/bin/sort'
SPEC='/src/openj9-openjdk-jdk8/build/linux-x86_64-normal-server-release/spec.gmk'
STAT='/usr/bin/stat'
STATIC_CXX_SETTING='STATIC_CXX=true'
STATIC_LIBRARY='lib$1.a'
STATIC_LIBRARY_SUFFIX='.a'
STRIP='/usr/bin/strip'
STRIP_POLICY='min_strip'
SUPPORT_HEADFUL='yes'
SUPPORT_HEADLESS='yes'
SYSROOT_CFLAGS=''
SYSROOT_LDFLAGS=''
TAIL='/usr/bin/tail'
TAR='/usr/bin/tar'
TEE='/usr/bin/tee'
TEST_IN_BUILD='false'
TIME=''
TOOLCHAIN_PATH_CC=''
TOOLCHAIN_PATH_CXX=''
TOOLCHAIN_TYPE='gcc'
TOPDIR='/src/openj9-openjdk-jdk8'
TOUCH='/usr/bin/touch'
TR='/usr/bin/tr'
UCRT_DLL_DIR=''
UNAME='/usr/bin/uname'
UNIQ='/usr/bin/uniq'
UNLIMITED_CRYPTO='false'
UNZIP='/usr/bin/unzip'
USERNAME=''
USER_RELEASE_SUFFIX='_2024_04_30_09_03'
USE_CLANG=''
USE_EXTERNAL_LIBGIF='false'
USE_EXTERNAL_LIBJPEG='true'
USE_EXTERNAL_LIBZ='false'
USE_PRECOMPILED_HEADER='1'
USING_BROKEN_SUSE_LD='no'
VARIANT='OPT'
VENDOR_URL='http://www.eclipse.org/openj9'
VENDOR_URL_BUG=''
VENDOR_URL_VM_BUG=''
VS_INCLUDE=''
VS_LIB=''
VS_PATH=''
WC='/usr/bin/wc'
WHICH='/usr/bin/which'
WITH_OPENSSL='no'
XARGS='/usr/bin/xargs'
XATTR=''
XCODEBUILD=''
XMKMF=''
X_CFLAGS=''
X_EXTRA_LIBS=''
X_LIBS=''
X_PRE_LIBS=' -lSM -lICE'
ZERO_ARCHDEF='AMD64'
ZERO_ARCHFLAG='-m64'
ZIP='/usr/bin/zip'
ZIP_DEBUGINFO_FILES='true'
ac_ct_AR='ar'
ac_ct_CC=''
ac_ct_CXX=''
ac_ct_NM='nm'
ac_ct_OBJC=''
ac_ct_OBJCOPY='objcopy'
ac_ct_OBJDUMP='objdump'
ac_ct_PROPER_COMPILER_CC=''
ac_ct_PROPER_COMPILER_CXX=''
ac_ct_STRIP='strip'
bindir='${exec_prefix}/bin'
build='x86_64-unknown-linux-gnu'
build_alias=''
build_cpu='x86_64'
build_os='linux-gnu'
build_vendor='unknown'
datadir='${datarootdir}'
datarootdir='${prefix}/share'
docdir='${datarootdir}/doc/${PACKAGE_TARNAME}'
dvidir='${docdir}'
exec_prefix='${prefix}'
host='x86_64-unknown-linux-gnu'
host_alias=''
host_cpu='x86_64'
host_os='linux-gnu'
host_vendor='unknown'
htmldir='${docdir}'
includedir='${prefix}/include'
infodir='${datarootdir}/info'
libdir='${exec_prefix}/lib'
libexecdir='${exec_prefix}/libexec'
localedir='${datarootdir}/locale'
localstatedir='${prefix}/var'
mandir='${datarootdir}/man'
oldincludedir='/usr/include'
pdfdir='${docdir}'
prefix='/usr/local'
program_transform_name='s,x,x,'
psdir='${docdir}'
runstatedir='${localstatedir}/run'
sbindir='${exec_prefix}/sbin'
sharedstatedir='${prefix}/com'
sysconfdir='${prefix}/etc'
target='x86_64-unknown-linux-gnu'
target_alias=''
target_cpu='x86_64'
target_os='linux-gnu'
target_vendor='unknown'

## ----------- ##
## confdefs.h. ##
## ----------- ##

/* confdefs.h */
#define PACKAGE_NAME "OpenJDK"
#define PACKAGE_TARNAME "openjdk"
#define PACKAGE_VERSION "jdk8"
#define PACKAGE_STRING "OpenJDK jdk8"
#define PACKAGE_BUGREPORT "build-dev@openjdk.java.net"
#define PACKAGE_URL "http://openjdk.java.net"
#define STDC_HEADERS 1
#define HAVE_SYS_TYPES_H 1
#define HAVE_SYS_STAT_H 1
#define HAVE_STDLIB_H 1
#define HAVE_STRING_H 1
#define HAVE_MEMORY_H 1
#define HAVE_STRINGS_H 1
#define HAVE_INTTYPES_H 1
#define HAVE_STDINT_H 1
#define HAVE_UNISTD_H 1
#define HAVE_STDIO_H 1
#define SIZEOF_INT_P 8
#define HAVE_X11_EXTENSIONS_SHAPE_H 1
#define HAVE_X11_EXTENSIONS_XRENDER_H 1
#define HAVE_X11_EXTENSIONS_XTEST_H 1
#define HAVE_X11_INTRINSIC_H 1
#define HAVE_CUPS_CUPS_H 1
#define HAVE_CUPS_PPD_H 1
#define HAVE_FONTCONFIG_FONTCONFIG_H 1
#define HAVE_LIBJPEG 1
#define HAVE_LIBM 1
#define HAVE_LIBDL 1

configure: exit 0
